<?xml version="1.0" encoding="UTF-8" standalone="no"?>
<!DOCTYPE log SYSTEM "logger.dtd">
<log>
<record>
  <date>2011-12-21T14:39:45</date>
  <millis>1324458585221</millis>
  <sequence>0</sequence>
  <logger>log_file</logger>
  <level>WARNING</level>
  <class>LoggerTest</class>
  <method>main</method>
  <thread>10</thread>
  <message>Doing carefully!</message>
</record>
<record>
  <date>2011-12-21T14:39:45</date>
  <millis>1324458585235</millis>
  <sequence>1</sequence>
  <logger>log_file</logger>
  <level>INFO</level>
  <class>LoggerTest</class>
  <method>main</method>
  <thread>10</thread>
  <message>Doing something ...</message>
</record>
<record>
  <date>2011-12-21T14:39:45</date>
  <millis>1324458585235</millis>
  <sequence>2</sequence>
  <logger>log_file</logger>
  <level>SEVERE</level>
  <class>LoggerTest</class>
  <method>main</method>
  <thread>10</thread>
  <message>Doing strictily </message>
</record>
</log>
